<?xml version="1.0" encoding="UTF-8"?>
<testng-results skipped="0" failed="0" total="0" passed="0">
  <reporter-output>
  </reporter-output>
  <suite name="cucumberTest.RunnerTest" duration-ms="3" started-at="2016-05-09T07:15:20Z" finished-at="2016-05-09T07:15:20Z">
    <groups>
    </groups>
    <test name="Command line test" duration-ms="3" started-at="2016-05-09T07:15:20Z" finished-at="2016-05-09T07:15:20Z">
    </test> <!-- Command line test -->
  </suite> <!-- cucumberTest.RunnerTest -->
</testng-results>
