<?xml version="1.0" encoding="UTF-8" ?>
<testsuite tests="57" failures="0" name="stepDefinition.RunnerTest" time="0.029" errors="0" skipped="0">
  <properties>
[...]
</properties>
  <testcase classname="|  |  |" name="Given Im on the homepage" time="0.019"/>
  <testcase classname="|  |  |" name="When I navigate to the login page" time="0"/>
  <testcase classname="|  |  |" name="And enter " time="0"/>
  <testcase classname="|  |  |" name="And password " time="0"/>
  <testcase classname="|  |  |" name="And click Submit" time="0"/>
  <testcase classname="|  |  |" name="Then Result for Login is displayed" time="0"/>
  <testcase classname="|  |  |" name="|  |  |" time="0"/>
  <testcase classname="| ol-admin | secrt |" name="Given Im on the homepage" time="0"/>
  <testcase classname="| ol-admin | secrt |" name="When I navigate to the login page" time="0"/>
  <testcase classname="| ol-admin | secrt |" name="And enter ol-admin" time="0"/>
  <testcase classname="| ol-admin | secrt |" name="And password secrt" time="0"/>
  <testcase classname="| ol-admin | secrt |" name="And click Submit" time="0"/>
  <testcase classname="| ol-admin | secrt |" name="Then Result for Login is displayed" time="0"/>
  <testcase classname="| ol-admin | secrt |" name="| ol-admin | secrt |" time="0"/>
  <testcase classname="| ol-admin | secret |" name="Given Im on the homepage" time="0"/>
  <testcase classname="| ol-admin | secret |" name="When I navigate to the login page" time="0"/>
  <testcase classname="| ol-admin | secret |" name="And enter ol-admin" time="0"/>
  <testcase classname="| ol-admin | secret |" name="And password secret" time="0"/>
  <testcase classname="| ol-admin | secret |" name="And click Submit" time="0"/>
  <testcase classname="| ol-admin | secret |" name="Then Result for Login is displayed" time="0"/>
  <testcase classname="| ol-admin | secret |" name="| ol-admin | secret |" time="0"/>
  <testcase classname="Scenario: Upload csv data" name="Given Am on the homepage" time="0"/>
  <testcase classname="Scenario: Upload csv data" name="When I click on Upload data file" time="0"/>
  <testcase classname="Scenario: Upload csv data" name="And click on Browse button" time="0"/>
  <testcase classname="Scenario: Upload csv data" name="Then result is displayed" time="0.001"/>
  <testcase classname="Scenario: Upload csv data" name="Scenario: Upload csv data" time="0.001"/>
  <testcase classname="Scenario: Uploading .OL-datamapper" name="Given on the homepage" time="0"/>
  <testcase classname="Scenario: Uploading .OL-datamapper" name="When I click on Upload datamapping config" time="0"/>
  <testcase classname="Scenario: Uploading .OL-datamapper" name="And upload the datamapping config" time="0"/>
  <testcase classname="Scenario: Uploading .OL-datamapper" name="And Click on Submit" time="0"/>
  <testcase classname="Scenario: Uploading .OL-datamapper" name="Then Datamapping Managed File ID is displayed" time="0"/>
  <testcase classname="Scenario: Uploading .OL-datamapper" name="Scenario: Uploading .OL-datamapper" time="0.001"/>
  <testcase classname="Scenario: Uploading .OL-template" name="Given on homepage" time="0"/>
  <testcase classname="Scenario: Uploading .OL-template" name="When I click on Upload Design template" time="0"/>
  <testcase classname="Scenario: Uploading .OL-template" name="And upload the template" time="0"/>
  <testcase classname="Scenario: Uploading .OL-template" name="And Click Submit" time="0"/>
  <testcase classname="Scenario: Uploading .OL-template" name="Then Template Managed File ID is displayed" time="0"/>
  <testcase classname="Scenario: Uploading .OL-template" name="Scenario: Uploading .OL-template" time="0.006"/>
  <testcase classname="Scenario: Uploading .OL-jobpreset" name="Given At homepage" time="0"/>
  <testcase classname="Scenario: Uploading .OL-jobpreset" name="When I click on Upload a Job Creation preset" time="0"/>
  <testcase classname="Scenario: Uploading .OL-jobpreset" name="And upload the JC preset" time="0"/>
  <testcase classname="Scenario: Uploading .OL-jobpreset" name="And click on Submit button" time="0"/>
  <testcase classname="Scenario: Uploading .OL-jobpreset" name="Then Managed File ID for JC is displayed" time="0"/>
  <testcase classname="Scenario: Uploading .OL-jobpreset" name="Scenario: Uploading .OL-jobpreset" time="0"/>
  <testcase classname="Scenario: Uploading .OL-outputpreset" name="Given homepage" time="0"/>
  <testcase classname="Scenario: Uploading .OL-outputpreset" name="When I click on Upload a Output Creation preset" time="0"/>
  <testcase classname="Scenario: Uploading .OL-outputpreset" name="And upload the OC preset" time="0"/>
  <testcase classname="Scenario: Uploading .OL-outputpreset" name="And click on the Submit button" time="0.001"/>
  <testcase classname="Scenario: Uploading .OL-outputpreset" name="Then Managed File ID for OC is displayed" time="0"/>
  <testcase classname="Scenario: Uploading .OL-outputpreset" name="Scenario: Uploading .OL-outputpreset" time="0"/>
  <testcase classname="Scenario: Entering Datafile, Datamapping, Content Creation, Job Creation and Output Creation IDs to create output" name="Given At home" time="0"/>
  <testcase classname="Scenario: Entering Datafile, Datamapping, Content Creation, Job Creation and Output Creation IDs to create output" name="When I click on All-in-One page" time="0"/>
  <testcase classname="Scenario: Entering Datafile, Datamapping, Content Creation, Job Creation and Output Creation IDs to create output" name="And All the four checkbox options are checked" time="0"/>
  <testcase classname="Scenario: Entering Datafile, Datamapping, Content Creation, Job Creation and Output Creation IDs to create output" name="And Managed File ID entered in their respective fields" time="0"/>
  <testcase classname="Scenario: Entering Datafile, Datamapping, Content Creation, Job Creation and Output Creation IDs to create output" name="And Submit" time="0"/>
  <testcase classname="Scenario: Entering Datafile, Datamapping, Content Creation, Job Creation and Output Creation IDs to create output" name="Then Output file is created" time="0"/>
  <testcase classname="Scenario: Entering Datafile, Datamapping, Content Creation, Job Creation and Output Creation IDs to create output" name="Scenario: Entering Datafile, Datamapping, Content Creation, Job Creation and Output Creation IDs to create output" time="0"/>
</testsuite>